Arguments: 
  /home/zied/.nvm/versions/node/v9.10.1/bin/node /home/zied/.nvm/versions/node/v9.10.1/bin/yarn start

PATH: 
  /home/zied/.nvm/versions/node/v9.10.1/bin:/home/zied/bin:/home/zied/.local/bin:/usr/local/sbin:/usr/local/bin:/usr/sbin:/usr/bin:/sbin:/bin:/usr/games:/usr/local/games:/snap/bin

Yarn version: 
  1.5.1

Node version: 
  9.10.1

Platform: 
  linux x64

npm manifest: 
  {
    "name": "TestRest",
    "version": "0.0.0",
    "main": "app.js",
    "private": true,
    "scripts": {
      "start": "node ./bin/www"
    },
    "dependencies": {
      "async": "2.0.1",
      "bcrypt-nodejs": "latest",
      "body-parser": "^1.15.2",
      "connect-flash": "~0.1.1",
      "cookie-parser": "~1.3.5",
      "cookies": "latest",
      "cron": "^1.3.0",
      "date-format": "latest",
      "debug": "~2.2.0",
      "email-check": "^1.1.0",
      "emailjs": "latest",
      "express": "^4.13.4",
      "form-data": "1.0.0-rc3",
      "image-downloader": "^3.3.0",
      "image-size": "latest",
      "jade": "~1.11.0",
      "jsonwebtoken": "^7.0.1",
      "l": "^0.6.0",
      "legit": "0.0.7",
      "lodash": "^4.17.5",
      "mongoose": "^5.0.12",
      "morgan": "^1.6.1",
      "multer": "1.1.0",
      "multiparty": "4.1.2",
      "mv": "^2.1.1",
      "nodemailer": "latest",
      "nodemailer-smtp-transport": "latest",
      "open-graph-scraper": "latest",
      "passport": "~0.1.17",
      "passport-facebook": "~1.0.2",
      "passport-google-oauth": "~0.1.5",
      "passport-local": "~0.1.6",
      "passport-twitter": "~1.0.2",
      "password-hash": "latest",
      "properties-reader": "0.0.16",
      "request": "2.64.0",
      "scp2": "^0.5.0",
      "serve-favicon": "~2.3.0",
      "sharp": "^0.20.1"
    }
  }

yarn manifest: 
  No manifest

Lockfile: 
  No lockfile

Trace: 
  Error: Command failed.
  Exit code: 1
  Command: sh
  Arguments: -c node ./bin/www
  Directory: /home/zied/speegar/speegar-backend
  Output:
  
      at ProcessTermError.MessageError (/home/zied/.nvm/versions/node/v9.10.1/lib/node_modules/yarn/lib/cli.js:186:110)
      at new ProcessTermError (/home/zied/.nvm/versions/node/v9.10.1/lib/node_modules/yarn/lib/cli.js:226:113)
      at ChildProcess.<anonymous> (/home/zied/.nvm/versions/node/v9.10.1/lib/node_modules/yarn/lib/cli.js:30281:17)
      at ChildProcess.emit (events.js:180:13)
      at maybeClose (internal/child_process.js:936:16)
      at Process.ChildProcess._handle.onexit (internal/child_process.js:220:5)
